попал просто в город
попал в картинку

Item no.: 1 --> Item name = \u0433\u043e\u0440\u043e\u0434 \u0434\u0443\u0431\u043d\u0430
Evaluating...
Getting URLs without downloading images...
Image URL: http://img-fotki.yandex.ru/get/6622/5381743.b0/0_84855_c7417291_XL
update ok
Printed url without downloading
Image URL: https://cdn22.img.ria.ru/images/155319/90/1553199053_0:0:1500:845_600x0_80_0_0_ea10a0a43de0adbf8a3dca97d0d3efbc.jpg
update ok
Printed url without downloading
Image URL: http://naukograd-dubna.ru/files/image/04/11/80/lg!ss8.jpg
update ok
Printed url without downloading
Image URL: http://indubnacity.ru/upload/resizeproxy/720_/d11385a5e53e2db24166396b2cc1694d.jpg?1556518555
update ok
Printed url without downloading
Image URL: http://traveltu.ru/wp-content/uploads/2016/09/Dubna-sverhu.jpg
update ok
Printed url without downloading
Image URL: https://nedvio.com/wp-content/uploads/2019/01/dubna-6.jpg
update ok
Printed url without downloading

Errors: 0

загрузил картинку
отправил картинку
попал в описание
с описанием проблемы, отправил просто город
попал просто в город
попал в картинку

Item no.: 1 --> Item name = \u0433\u043e\u0440\u043e\u0434 \u0441\u0430\u0440\u0430\u0442\u043e\u0432
Evaluating...
Getting URLs without downloading images...
Image URL: https://nesiditsa.ru/wp-content/uploads/2012/04/Saratov.-Obshhiy-vid-2.jpg
update ok
Printed url without downloading
Image URL: https://i.ytimg.com/vi/dzaHXGJzB1Y/hqdefault.jpg
update ok
Printed url without downloading
Image URL: https://nesiditsa.ru/wp-content/uploads/2012/04/Saratov.-Obshhiy-vid.jpg
update ok
Printed url without downloading
Image URL: http://russia-open.com/files/3857/Gorod-Saratov_main.jpg
update ok
Printed url without downloading
Image URL: http://img.travel.ru/images2/2004/06/object37363/07-shutterstock_115677451.jpg
update ok
Printed url without downloading
Image URL: http://img.travel.ru/images2/2004/06/object37363/06-shutterstock_183965408.jpg
update ok
Printed url without downloading

Errors: 0

загрузил картинку
отправил картинку
попал в картинку

Item no.: 1 --> Item name = \u0433\u043e\u0440\u043e\u0434 \u0430\u0440\u0445\u0430\u043d\u0433\u0435\u043b\u044c\u0441\u043a
Evaluating...
Getting URLs without downloading images...
Image URL: https://upload.wikimedia.org/wikipedia/commons/3/3e/Arkhangelsk_view_from_Vysotka.jpg
update ok
Printed url without downloading
Image URL: https://opt-1313496.ssl.1c-bitrix-cdn.ru/upload/iblock/65e/65efe2e091053d7d2d7f1f038f5e651f.jpg?1551275147156544
update ok
Printed url without downloading

Errors: 0

загрузил картинку
отправил картинку
попал в картинку

Item no.: 1 --> Item name = \u0433\u043e\u0440\u043e\u0434 \u043a\u0438\u043d\u0435\u0448\u043c\u0430
Evaluating...
Getting URLs without downloading images...
Image URL: http://%D0%B3%D0%BE%D1%80%D0%BE%D0%B4%D0%B0-%D1%80%D0%BE%D1%81%D1%81%D0%B8%D1%8F.%D1%80%D1%84/_upload/images/cities/photo/1--1.jpg
update ok
Printed url without downloading
Image URL: http://fotomastak.ru/wp-content/uploads/2015/11/gorod-kineshma.jpeg
update ok
Printed url without downloading

Errors: 0

загрузил картинку
отправил картинку
попал в картинку

Item no.: 1 --> Item name = \u0433\u043e\u0440\u043e\u0434 \u0432\u043e\u0440\u043e\u043d\u0435\u0436
Evaluating...
Getting URLs without downloading images...
Image URL: https://wikiway.com/upload/iblock/cda/Voronezh-s-vysoty.jpg
update ok
Printed url without downloading
Image URL: https://nesiditsa.ru/wp-content/uploads/2012/07/Voronezh.-Blagoveshhenskiy-Sobor.jpeg
update ok
Printed url without downloading
Image URL: http://www.invest-in-voronezh.ru/assets/images/tourism/voronezh/2018/0_697bb_bab2f400_XXL.jpg
update ok
Printed url without downloading
Image URL: http://%D0%B3%D0%BE%D1%80%D0%BE%D0%B4%D0%B0-%D1%80%D0%BE%D1%81%D1%81%D0%B8%D1%8F.%D1%80%D1%84/_upload/images/cities/photo/15.jpg
update ok
Printed url without downloading
Image URL: http://kudapereedem.ru/wp-content/uploads/2017/10/voronezh1.jpg
update ok
Printed url without downloading

Errors: 0

загрузил картинку
отправил картинку
попал в отсутствие
попал в описание
с описанием проблемы, отправил просто город
попал в описание
сформировал описание
отправил описание
попал в описание
сформировал описание
отправил описание
попал в картинку

Item no.: 1 --> Item name = \u0433\u043e\u0440\u043e\u0434 \u043b\u0438\u043c\u0430\u043d
Evaluating...
Getting URLs without downloading images...
Image URL: https://donbass-info.com/images/stories/city_suburbs/Krasny_Liman_station_1.jpg
update ok
Printed url without downloading
Image URL: https://donbass-info.com/images/stories/city_suburbs/Krasny_Liman_motherland_1.jpg
update ok
Printed url without downloading
Image URL: https://www.e-news.su/uploads/posts/2015-10/1445280651_1ba6b9ed57dfd9962f0916c12152493f.jpg
update ok
Printed url without downloading
Image URL: http://gorlovka-eparhia.com.ua/wp-content/uploads/2013/02/0288jpg
update ok
Printed url without downloading
Image URL: https://dnews.dn.ua/static/images/previews/71/712398-0.jpg
update ok
Printed url without downloading
Image URL: https://www.spr.ua/img_raion/109159_big.jpg
update ok
Printed url without downloading

Errors: 0

загрузил картинку
отправил картинку
попал в картинку

Item no.: 1 --> Item name = \u0433\u043e\u0440\u043e\u0434 \u043b\u044e\u0431\u043b\u044f\u043d\u0430
Evaluating...
Getting URLs without downloading images...
Image URL: http://tut1.ru/uploads/posts/2018-02/1519824654_1.jpg
update ok
Printed url without downloading
Image URL: https://traveller-eu.ru/sites/default/files/styles/index/public/2017-06-18%2007.47.24%202-1024x661.jpg?itok=RP216rZg
update ok
Printed url without downloading
Image URL: https://geographyofrussia.com/wp-content/uploads/2016/03/ljubljana-sever-640x480.jpg
update ok
Printed url without downloading
Image URL: https://www.votpusk.ru/country/ctimages/new/SI08.jpg
update ok
Printed url without downloading
Image URL: https://traveller-eu.ru/sites/default/files/inline-images/2017-06-18%2007.47.26%201-1024x682.jpg
update ok
Printed url without downloading

Errors: 0

загрузил картинку
отправил картинку
попал в повторение
попал в описание
с описанием проблемы, отправил просто город
попал в картинку

Item no.: 1 --> Item name = \u0433\u043e\u0440\u043e\u0434 \u043d\u043e\u0440\u0438\u043b\u044c\u0441\u043a
Evaluating...
Getting URLs without downloading images...
Image URL: https://nesiditsa.ru/wp-content/cache/thumb/29/a782aacd21cb129_640x360_notrise.jpg
update ok
Printed url without downloading
Image URL: https://nesiditsa.ru/wp-content/uploads/2012/08/image00816.jpg
update ok
Printed url without downloading

Errors: 0

загрузил картинку
отправил картинку
попал в картинку

Item no.: 1 --> Item name = \u0433\u043e\u0440\u043e\u0434 \u0441\u0442\u0430\u043c\u0431\u0443\u043b
Evaluating...
Getting URLs without downloading images...
Image URL: https://traveller-eu.ru/sites/default/files/inline-images/istanbul_291252509-800x520.jpg
update ok
Printed url without downloading
Image URL: https://traveller-eu.ru/sites/default/files/styles/index/public/What-To-See-In-Istanbul-Turkey-7-800x511.jpg?itok=ZKS-Bf1_
update ok
Printed url without downloading
Image URL: https://www.votpusk.ru/country/ctimages/new/TR08.jpg
update ok
Printed url without downloading
Image URL: https://stogorodov.ru/images/cities/stambul/stambul.jpg
update ok
Printed url without downloading
Image URL: https://turktrip.ru/sites/default/files/pictures/stambul/kurort/cvk-park-bosphorus-hotel-istanbul.jpg
update ok
Printed url without downloading